

Processing Rails::InfoController#properties (for 127.0.0.1 at 2009-12-01 11:32:45) [GET]
  [4;36;1mSQL (0.0ms)[0m   [0;1m SELECT name
 FROM sqlite_master
 WHERE type = 'table' AND NOT name = 'sqlite_sequence'
[0m
Completed in 406ms (View: 47, DB: 0) | 200 OK [http://localhost/rails/info/properties]
  [4;36;1mSQL (0.0ms)[0m   [0;1m SELECT name
 FROM sqlite_master
 WHERE type = 'table' AND NOT name = 'sqlite_sequence'
[0m
  [4;35;1mSQL (0.0ms)[0m   [0mselect sqlite_version(*)[0m
  [4;36;1mSQL (62.5ms)[0m   [0;1mCREATE TABLE "schema_migrations" ("version" varchar(255) NOT NULL) [0m
  [4;35;1mSQL (125.0ms)[0m   [0mCREATE UNIQUE INDEX "unique_schema_migrations" ON "schema_migrations" ("version")[0m
  [4;36;1mSQL (0.0ms)[0m   [0;1m SELECT name
 FROM sqlite_master
 WHERE type = 'table' AND NOT name = 'sqlite_sequence'
[0m
  [4;35;1mSQL (0.0ms)[0m   [0mSELECT version FROM schema_migrations[0m
Migrating to CreateArtists (20091201223931)
  [4;36;1mSQL (0.0ms)[0m   [0;1mCREATE TABLE "artists" ("id" INTEGER PRIMARY KEY AUTOINCREMENT NOT NULL, "name" varchar(255), "created_at" datetime, "updated_at" datetime) [0m
  [4;35;1mSQL (0.0ms)[0m   [0mINSERT INTO schema_migrations (version) VALUES ('20091201223931')[0m
Migrating to CreateAlbums (20091201224035)
  [4;36;1mSQL (0.0ms)[0m   [0;1mCREATE TABLE "albums" ("id" INTEGER PRIMARY KEY AUTOINCREMENT NOT NULL, "title" varchar(255), "year" integer, "condition" varchar(255), "artist_id" integer, "created_at" datetime, "updated_at" datetime) [0m
  [4;35;1mSQL (0.0ms)[0m   [0mINSERT INTO schema_migrations (version) VALUES ('20091201224035')[0m
  [4;36;1mSQL (0.0ms)[0m   [0;1m SELECT name
 FROM sqlite_master
 WHERE type = 'table' AND NOT name = 'sqlite_sequence'
[0m
  [4;35;1mSQL (0.0ms)[0m   [0mSELECT version FROM schema_migrations[0m
  [4;36;1mSQL (0.0ms)[0m   [0;1m SELECT name
 FROM sqlite_master
 WHERE type = 'table' AND NOT name = 'sqlite_sequence'
[0m
  [4;35;1mSQL (0.0ms)[0m   [0mPRAGMA index_list("albums")[0m
  [4;36;1mSQL (0.0ms)[0m   [0;1mPRAGMA index_list("artists")[0m


Processing ArtistsController#index (for 127.0.0.1 at 2009-12-01 15:03:03) [GET]
  [4;36;1mArtist Load (0.0ms)[0m   [0;1mSELECT * FROM "artists" [0m
Rendering artists/index

ActionView::TemplateError (undefined method `title' for #<ActionView::Base:0xf4b060>) on line #1 of app/views/artists/index.html.erb:
1: <% title "Artists" %>
2: 
3: <table>
4:   <tr>

    app/views/artists/index.html.erb:1
    <internal:prelude>:8:in `synchronize'
    c:/Ruby19/lib/ruby/1.9.1/webrick/httpserver.rb:111:in `service'
    c:/Ruby19/lib/ruby/1.9.1/webrick/httpserver.rb:70:in `run'
    c:/Ruby19/lib/ruby/1.9.1/webrick/server.rb:183:in `block in start_thread'

Rendered rescues/_trace (93.8ms)
Rendered rescues/_request_and_response (0.0ms)
Rendering rescues/layout (internal_server_error)


Processing ArtistsController#index (for 127.0.0.1 at 2009-12-01 15:07:12) [GET]
  [4;36;1mArtist Load (0.0ms)[0m   [0;1mSELECT * FROM "artists" [0m
Rendering template within layouts/application
Rendering artists/index
Completed in 531ms (View: 375, DB: 0) | 200 OK [http://localhost/artists]


Processing ArtistsController#new (for 127.0.0.1 at 2009-12-01 15:10:31) [GET]
Rendering template within layouts/application
Rendering artists/new
Rendered artists/_form (1906.2ms)
Completed in 2203ms (View: 2031, DB: 0) | 200 OK [http://localhost/artists/new]


Processing ArtistsController#index (for 127.0.0.1 at 2009-12-01 15:10:37) [GET]
  [4;36;1mArtist Load (15.6ms)[0m   [0;1mSELECT * FROM "artists" [0m
Rendering template within layouts/application
Rendering artists/index
Completed in 31ms (View: 16, DB: 16) | 200 OK [http://localhost/artists]


Processing ArtistsController#new (for 127.0.0.1 at 2009-12-01 15:10:39) [GET]
Rendering template within layouts/application
Rendering artists/new
Rendered artists/_form (0.0ms)
Completed in 16ms (View: 16, DB: 0) | 200 OK [http://localhost/artists/new]
  [4;36;1mArtist Create (15.6ms)[0m   [0;1mINSERT INTO "artists" ("name", "created_at", "updated_at") VALUES('Cascada', '2009-12-01 23:11:55', '2009-12-01 23:11:55')[0m
  [4;35;1mArtist Create (0.0ms)[0m   [0mINSERT INTO "artists" ("name", "created_at", "updated_at") VALUES('Britney Spears', '2009-12-01 23:11:55', '2009-12-01 23:11:55')[0m
  [4;36;1mArtist Create (0.0ms)[0m   [0;1mINSERT INTO "artists" ("name", "created_at", "updated_at") VALUES('Wolfgang Amadeus Mozart', '2009-12-01 23:11:55', '2009-12-01 23:11:55')[0m
  [4;35;1mArtist Create (0.0ms)[0m   [0mINSERT INTO "artists" ("name", "created_at", "updated_at") VALUES('Elvis Presley', '2009-12-01 23:11:55', '2009-12-01 23:11:55')[0m
  [4;36;1mArtist Create (0.0ms)[0m   [0;1mINSERT INTO "artists" ("name", "created_at", "updated_at") VALUES('Aretha Franklin', '2009-12-01 23:11:55', '2009-12-01 23:11:55')[0m
WARNING: Can't mass-assign these protected attributes: artist
  [4;35;1mAlbum Create (0.0ms)[0m   [0mINSERT INTO "albums" ("title", "year", "condition", "artist_id", "created_at", "updated_at") VALUES('Every Time We Touch', 2006, 'like new', NULL, '2009-12-01 23:11:56', '2009-12-01 23:11:56')[0m
WARNING: Can't mass-assign these protected attributes: artist
  [4;36;1mAlbum Create (0.0ms)[0m   [0;1mINSERT INTO "albums" ("title", "year", "condition", "artist_id", "created_at", "updated_at") VALUES('Perfect Day', 2007, 'possessed', NULL, '2009-12-01 23:11:56', '2009-12-01 23:11:56')[0m
WARNING: Can't mass-assign these protected attributes: artist
  [4;35;1mAlbum Create (0.0ms)[0m   [0mINSERT INTO "albums" ("title", "year", "condition", "artist_id", "created_at", "updated_at") VALUES('Evacuate the Dancefloor', 2009, NULL, NULL, '2009-12-01 23:11:56', '2009-12-01 23:11:56')[0m
WARNING: Can't mass-assign these protected attributes: artist
  [4;36;1mAlbum Create (0.0ms)[0m   [0;1mINSERT INTO "albums" ("title", "year", "condition", "artist_id", "created_at", "updated_at") VALUES('Sonata number 12', 1745, 'unknown', NULL, '2009-12-01 23:11:56', '2009-12-01 23:11:56')[0m
WARNING: Can't mass-assign these protected attributes: artist
  [4;35;1mAlbum Create (0.0ms)[0m   [0mINSERT INTO "albums" ("title", "year", "condition", "artist_id", "created_at", "updated_at") VALUES('Sonata number 13', 1746, 'boring', NULL, '2009-12-01 23:11:56', '2009-12-01 23:11:56')[0m
WARNING: Can't mass-assign these protected attributes: artist
  [4;36;1mAlbum Create (0.0ms)[0m   [0;1mINSERT INTO "albums" ("title", "year", "condition", "artist_id", "created_at", "updated_at") VALUES('Funky Time party', 1749, 'used', NULL, '2009-12-01 23:11:56', '2009-12-01 23:11:56')[0m
  [4;35;1mArtist Create (0.0ms)[0m   [0mINSERT INTO "artists" ("name", "created_at", "updated_at") VALUES('Andrew', '2009-12-01 23:11:56', '2009-12-01 23:11:56')[0m
WARNING: Can't mass-assign these protected attributes: artist
  [4;36;1mAlbum Create (0.0ms)[0m   [0;1mINSERT INTO "albums" ("title", "year", "condition", "artist_id", "created_at", "updated_at") VALUES('Andrew''s rock opera', 1973, 'like new', NULL, '2009-12-01 23:11:56', '2009-12-01 23:11:56')[0m
WARNING: Can't mass-assign these protected attributes: artist
  [4;35;1mAlbum Create (0.0ms)[0m   [0mINSERT INTO "albums" ("title", "year", "condition", "artist_id", "created_at", "updated_at") VALUES('Andrew''s jazz fusion', 1973, 'dirty', NULL, '2009-12-01 23:11:57', '2009-12-01 23:11:57')[0m
WARNING: Can't mass-assign these protected attributes: artist
  [4;36;1mAlbum Create (0.0ms)[0m   [0;1mINSERT INTO "albums" ("title", "year", "condition", "artist_id", "created_at", "updated_at") VALUES('Andrew''s metal band', 1985, 'scratched', NULL, '2009-12-01 23:11:57', '2009-12-01 23:11:57')[0m
  [4;35;1mArtist Create (0.0ms)[0m   [0mINSERT INTO "artists" ("name", "created_at", "updated_at") VALUES('Tim', '2009-12-01 23:11:57', '2009-12-01 23:11:57')[0m
WARNING: Can't mass-assign these protected attributes: artist
  [4;36;1mAlbum Create (0.0ms)[0m   [0;1mINSERT INTO "albums" ("title", "year", "condition", "artist_id", "created_at", "updated_at") VALUES('Tim''s punk rock album', 1982, 'like gnu', NULL, '2009-12-01 23:11:57', '2009-12-01 23:11:57')[0m


Processing ArtistsController#index (for 127.0.0.1 at 2009-12-01 15:12:03) [GET]
  [4;35;1mArtist Load (0.0ms)[0m   [0mSELECT * FROM "artists" [0m
Rendering template within layouts/application
Rendering artists/index
Completed in 31ms (View: 16, DB: 0) | 200 OK [http://localhost/artists]


Processing ArtistsController#show (for 127.0.0.1 at 2009-12-01 15:12:21) [GET]
  Parameters: {"id"=>"2"}
  [4;36;1mArtist Load (0.0ms)[0m   [0;1mSELECT * FROM "artists" WHERE ("artists"."id" = 2) [0m
Rendering template within layouts/application
Rendering artists/show
Completed in 31ms (View: 31, DB: 0) | 200 OK [http://localhost/artists/2]


Processing ArtistsController#index (for 127.0.0.1 at 2009-12-01 15:12:25) [GET]
  [4;35;1mArtist Load (0.0ms)[0m   [0mSELECT * FROM "artists" [0m
Rendering template within layouts/application
Rendering artists/index
Completed in 31ms (View: 16, DB: 0) | 200 OK [http://localhost/artists]


Processing AlbumsController#index (for 127.0.0.1 at 2009-12-01 15:12:32) [GET]

NameError (uninitialized constant AlbumsController::Albums):
  app/controllers/albums_controller.rb:3:in `index'
  <internal:prelude>:8:in `synchronize'
  c:/Ruby19/lib/ruby/1.9.1/webrick/httpserver.rb:111:in `service'
  c:/Ruby19/lib/ruby/1.9.1/webrick/httpserver.rb:70:in `run'
  c:/Ruby19/lib/ruby/1.9.1/webrick/server.rb:183:in `block in start_thread'

Rendered rescues/_trace (125.0ms)
Rendered rescues/_request_and_response (0.0ms)
Rendering rescues/layout (internal_server_error)


Processing ApplicationController#index (for 127.0.0.1 at 2009-12-01 15:12:38) [GET]

ActionController::RoutingError (No route matches "/album" with {:method=>:get}):
  <internal:prelude>:8:in `synchronize'
  c:/Ruby19/lib/ruby/1.9.1/webrick/httpserver.rb:111:in `service'
  c:/Ruby19/lib/ruby/1.9.1/webrick/httpserver.rb:70:in `run'
  c:/Ruby19/lib/ruby/1.9.1/webrick/server.rb:183:in `block in start_thread'

Rendering rescues/layout (not_found)


Processing AlbumsController#index (for 127.0.0.1 at 2009-12-01 15:12:45) [GET]

NameError (uninitialized constant AlbumsController::Albums):
  app/controllers/albums_controller.rb:3:in `index'
  <internal:prelude>:8:in `synchronize'
  c:/Ruby19/lib/ruby/1.9.1/webrick/httpserver.rb:111:in `service'
  c:/Ruby19/lib/ruby/1.9.1/webrick/httpserver.rb:70:in `run'
  c:/Ruby19/lib/ruby/1.9.1/webrick/server.rb:183:in `block in start_thread'

Rendered rescues/_trace (93.8ms)
Rendered rescues/_request_and_response (0.0ms)
Rendering rescues/layout (internal_server_error)
